Grammar

    0 $accept: list $end

    1 list: %empty
    2     | list '\n'
    3     | list expr

    4 expr: NUMBER
    5     | expr '+' expr
    6     | expr '-' expr
    7     | expr '*' expr
    8     | expr '/' expr


Terminals, with rules where they appear

    $end (0) 0
    '\n' (10) 2
    '*' (42) 7
    '+' (43) 5
    '-' (45) 6
    '/' (47) 8
    error (256)
    NUMBER (258) 4


Nonterminals, with rules where they appear

    $accept (9)
        on left: 0
    list (10)
        on left: 1 2 3
        on right: 0 2 3
    expr (11)
        on left: 4 5 6 7 8
        on right: 3 5 6 7 8


State 0

    0 $accept: . list $end

    $default  reduce using rule 1 (list)

    list  go to state 1


State 1

    0 $accept: list . $end
    2 list: list . '\n'
    3     | list . expr

    $end    shift, and go to state 2
    NUMBER  shift, and go to state 3
    '\n'    shift, and go to state 4

    expr  go to state 5


State 2

    0 $accept: list $end .

    $default  accept


State 3

    4 expr: NUMBER .

    $default  reduce using rule 4 (expr)


State 4

    2 list: list '\n' .

    $default  reduce using rule 2 (list)


State 5

    3 list: list expr .
    5 expr: expr . '+' expr
    6     | expr . '-' expr
    7     | expr . '*' expr
    8     | expr . '/' expr

    '+'  shift, and go to state 6
    '-'  shift, and go to state 7
    '*'  shift, and go to state 8
    '/'  shift, and go to state 9

    $default  reduce using rule 3 (list)


State 6

    5 expr: expr '+' . expr

    NUMBER  shift, and go to state 3

    expr  go to state 10


State 7

    6 expr: expr '-' . expr

    NUMBER  shift, and go to state 3

    expr  go to state 11


State 8

    7 expr: expr '*' . expr

    NUMBER  shift, and go to state 3

    expr  go to state 12


State 9

    8 expr: expr '/' . expr

    NUMBER  shift, and go to state 3

    expr  go to state 13


State 10

    5 expr: expr . '+' expr
    5     | expr '+' expr .
    6     | expr . '-' expr
    7     | expr . '*' expr
    8     | expr . '/' expr

    '*'  shift, and go to state 8
    '/'  shift, and go to state 9

    $default  reduce using rule 5 (expr)


State 11

    5 expr: expr . '+' expr
    6     | expr . '-' expr
    6     | expr '-' expr .
    7     | expr . '*' expr
    8     | expr . '/' expr

    '*'  shift, and go to state 8
    '/'  shift, and go to state 9

    $default  reduce using rule 6 (expr)


State 12

    5 expr: expr . '+' expr
    6     | expr . '-' expr
    7     | expr . '*' expr
    7     | expr '*' expr .
    8     | expr . '/' expr

    $default  reduce using rule 7 (expr)


State 13

    5 expr: expr . '+' expr
    6     | expr . '-' expr
    7     | expr . '*' expr
    8     | expr . '/' expr
    8     | expr '/' expr .

    $default  reduce using rule 8 (expr)
